<?xml version="1.0" encoding="UTF-8"?>
<testsuite name="com.clone.carrot.CarrotApplicationTests" tests="1" skipped="0" failures="0" errors="0" timestamp="2022-10-25T19:54:47" hostname="hweyoungui-MacBookAir.local" time="0.134">
  <properties/>
  <testcase name="contextLoads()" classname="com.clone.carrot.CarrotApplicationTests" time="0.134"/>
  <system-out><![CDATA[04:54:37.869 [Test worker] DEBUG org.springframework.test.context.BootstrapUtils - Instantiating CacheAwareContextLoaderDelegate from class [org.springframework.test.context.cache.DefaultCacheAwareContextLoaderDelegate]
04:54:37.890 [Test worker] DEBUG org.springframework.test.context.BootstrapUtils - Instantiating BootstrapContext using constructor [public org.springframework.test.context.support.DefaultBootstrapContext(java.lang.Class,org.springframework.test.context.CacheAwareContextLoaderDelegate)]
04:54:37.937 [Test worker] DEBUG org.springframework.test.context.BootstrapUtils - Instantiating TestContextBootstrapper for test class [com.clone.carrot.CarrotApplicationTests] from class [org.springframework.boot.test.context.SpringBootTestContextBootstrapper]
04:54:37.948 [Test worker] INFO org.springframework.boot.test.context.SpringBootTestContextBootstrapper - Neither @ContextConfiguration nor @ContextHierarchy found for test class [com.clone.carrot.CarrotApplicationTests], using SpringBootContextLoader
04:54:37.953 [Test worker] DEBUG org.springframework.test.context.support.AbstractContextLoader - Did not detect default resource location for test class [com.clone.carrot.CarrotApplicationTests]: class path resource [com/clone/carrot/CarrotApplicationTests-context.xml] does not exist
04:54:37.953 [Test worker] DEBUG org.springframework.test.context.support.AbstractContextLoader - Did not detect default resource location for test class [com.clone.carrot.CarrotApplicationTests]: class path resource [com/clone/carrot/CarrotApplicationTestsContext.groovy] does not exist
04:54:37.953 [Test worker] INFO org.springframework.test.context.support.AbstractContextLoader - Could not detect default resource locations for test class [com.clone.carrot.CarrotApplicationTests]: no resource found for suffixes {-context.xml, Context.groovy}.
04:54:37.954 [Test worker] INFO org.springframework.test.context.support.AnnotationConfigContextLoaderUtils - Could not detect default configuration classes for test class [com.clone.carrot.CarrotApplicationTests]: CarrotApplicationTests does not declare any static, non-private, non-final, nested classes annotated with @Configuration.
04:54:38.011 [Test worker] DEBUG org.springframework.test.context.support.ActiveProfilesUtils - Could not find an 'annotation declaring class' for annotation type [org.springframework.test.context.ActiveProfiles] and class [com.clone.carrot.CarrotApplicationTests]
04:54:38.086 [Test worker] DEBUG org.springframework.context.annotation.ClassPathScanningCandidateComponentProvider - Identified candidate component class: file [/Users/hweyoung/Desktop/UMC/라이징캠프/carrot/carrotMarketCloneCoding/build/classes/java/main/com/clone/carrot/CarrotApplication.class]
04:54:38.090 [Test worker] INFO org.springframework.boot.test.context.SpringBootTestContextBootstrapper - Found @SpringBootConfiguration com.clone.carrot.CarrotApplication for test class com.clone.carrot.CarrotApplicationTests
04:54:38.201 [Test worker] DEBUG org.springframework.boot.test.context.SpringBootTestContextBootstrapper - @TestExecutionListeners is not present for class [com.clone.carrot.CarrotApplicationTests]: using defaults.
04:54:38.202 [Test worker] INFO org.springframework.boot.test.context.SpringBootTestContextBootstrapper - Loaded default TestExecutionListener class names from location [META-INF/spring.factories]: [org.springframework.boot.test.autoconfigure.restdocs.RestDocsTestExecutionListener, org.springframework.boot.test.autoconfigure.web.client.MockRestServiceServerResetTestExecutionListener, org.springframework.boot.test.autoconfigure.web.servlet.MockMvcPrintOnlyOnFailureTestExecutionListener, org.springframework.boot.test.autoconfigure.web.servlet.WebDriverTestExecutionListener, org.springframework.boot.test.autoconfigure.webservices.client.MockWebServiceServerTestExecutionListener, org.springframework.boot.test.mock.mockito.MockitoTestExecutionListener, org.springframework.boot.test.mock.mockito.ResetMocksTestExecutionListener, org.springframework.test.context.web.ServletTestExecutionListener, org.springframework.test.context.support.DirtiesContextBeforeModesTestExecutionListener, org.springframework.test.context.event.ApplicationEventsTestExecutionListener, org.springframework.test.context.support.DependencyInjectionTestExecutionListener, org.springframework.test.context.support.DirtiesContextTestExecutionListener, org.springframework.test.context.transaction.TransactionalTestExecutionListener, org.springframework.test.context.jdbc.SqlScriptsTestExecutionListener, org.springframework.test.context.event.EventPublishingTestExecutionListener]
04:54:38.281 [Test worker] INFO org.springframework.boot.test.context.SpringBootTestContextBootstrapper - Using TestExecutionListeners: [org.springframework.test.context.web.ServletTestExecutionListener@6058e535, org.springframework.test.context.support.DirtiesContextBeforeModesTestExecutionListener@42deb43a, org.springframework.test.context.event.ApplicationEventsTestExecutionListener@1deb2c43, org.springframework.boot.test.mock.mockito.MockitoTestExecutionListener@3bb9efbc, org.springframework.boot.test.autoconfigure.SpringBootDependencyInjectionTestExecutionListener@1cefc4b3, org.springframework.test.context.support.DirtiesContextTestExecutionListener@2b27cc70, org.springframework.test.context.transaction.TransactionalTestExecutionListener@6f6a7463, org.springframework.test.context.jdbc.SqlScriptsTestExecutionListener@1bdaa23d, org.springframework.test.context.event.EventPublishingTestExecutionListener@79f227a9, org.springframework.boot.test.autoconfigure.restdocs.RestDocsTestExecutionListener@6ca320ab, org.springframework.boot.test.autoconfigure.web.client.MockRestServiceServerResetTestExecutionListener@50d68830, org.springframework.boot.test.autoconfigure.web.servlet.MockMvcPrintOnlyOnFailureTestExecutionListener@1e53135d, org.springframework.boot.test.autoconfigure.web.servlet.WebDriverTestExecutionListener@7674a051, org.springframework.boot.test.autoconfigure.webservices.client.MockWebServiceServerTestExecutionListener@3a7704c, org.springframework.boot.test.mock.mockito.ResetMocksTestExecutionListener@6754ef00]
04:54:38.288 [Test worker] DEBUG org.springframework.test.context.support.AbstractDirtiesContextTestExecutionListener - Before test class: context [DefaultTestContext@22ee2d0 testClass = CarrotApplicationTests, testInstance = [null], testMethod = [null], testException = [null], mergedContextConfiguration = [WebMergedContextConfiguration@7bfc3126 testClass = CarrotApplicationTests, locations = '{}', classes = '{class com.clone.carrot.CarrotApplication}', contextInitializerClasses = '[]', activeProfiles = '{}', propertySourceLocations = '{}', propertySourceProperties = '{org.springframework.boot.test.context.SpringBootTestContextBootstrapper=true}', contextCustomizers = set[org.springframework.boot.test.autoconfigure.actuate.metrics.MetricsExportContextCustomizerFactory$DisableMetricExportContextCustomizer@792bbc74, org.springframework.boot.test.autoconfigure.properties.PropertyMappingContextCustomizer@0, org.springframework.boot.test.autoconfigure.web.servlet.WebDriverContextCustomizerFactory$Customizer@ed3068a, org.springframework.boot.test.context.filter.ExcludeFilterContextCustomizer@3b77a04f, org.springframework.boot.test.json.DuplicateJsonObjectContextCustomizerFactory$DuplicateJsonObjectContextCustomizer@fd8294b, org.springframework.boot.test.mock.mockito.MockitoContextCustomizer@0, org.springframework.boot.test.web.client.TestRestTemplateContextCustomizer@2fea7088, org.springframework.boot.test.context.SpringBootTestArgs@1, org.springframework.boot.test.context.SpringBootTestWebEnvironment@24c22fe], resourceBasePath = 'src/main/webapp', contextLoader = 'org.springframework.boot.test.context.SpringBootContextLoader', parent = [null]], attributes = map['org.springframework.test.context.web.ServletTestExecutionListener.activateListener' -> true]], class annotated with @DirtiesContext [false] with mode [null].

  .   ____          _            __ _ _
 /\\ / ___'_ __ _ _(_)_ __  __ _ \ \ \ \
( ( )\___ | '_ | '_| | '_ \/ _` | \ \ \ \
 \\/  ___)| |_)| | | | | || (_| |  ) ) ) )
  '  |____| .__|_| |_|_| |_\__, | / / / /
 =========|_|==============|___/=/_/_/_/
 :: Spring Boot ::                (v2.7.5)

2022-10-26 04:54:38.984  INFO 19904 --- [    Test worker] com.clone.carrot.CarrotApplicationTests  : Starting CarrotApplicationTests using Java 11.0.12 on hweyoungui-MacBookAir.local with PID 19904 (started by hweyoung in /Users/hweyoung/Desktop/UMC/라이징캠프/carrot/carrotMarketCloneCoding)
2022-10-26 04:54:38.986  INFO 19904 --- [    Test worker] com.clone.carrot.CarrotApplicationTests  : No active profile set, falling back to 1 default profile: "default"
2022-10-26 04:54:40.162  INFO 19904 --- [    Test worker] .s.d.r.c.RepositoryConfigurationDelegate : Bootstrapping Spring Data JPA repositories in DEFAULT mode.
2022-10-26 04:54:40.334  INFO 19904 --- [    Test worker] .s.d.r.c.RepositoryConfigurationDelegate : Finished Spring Data repository scanning in 165 ms. Found 2 JPA repository interfaces.
2022-10-26 04:54:41.379  INFO 19904 --- [    Test worker] o.hibernate.jpa.internal.util.LogHelper  : HHH000204: Processing PersistenceUnitInfo [name: default]
2022-10-26 04:54:41.433  INFO 19904 --- [    Test worker] org.hibernate.Version                    : HHH000412: Hibernate ORM core version 5.6.12.Final
2022-10-26 04:54:41.630  INFO 19904 --- [    Test worker] o.hibernate.annotations.common.Version   : HCANN000001: Hibernate Commons Annotations {5.1.2.Final}
2022-10-26 04:54:41.738  INFO 19904 --- [    Test worker] com.zaxxer.hikari.HikariDataSource       : HikariPool-1 - Starting...
2022-10-26 04:54:42.648  INFO 19904 --- [    Test worker] com.zaxxer.hikari.HikariDataSource       : HikariPool-1 - Start completed.
2022-10-26 04:54:42.681  INFO 19904 --- [    Test worker] org.hibernate.dialect.Dialect            : HHH000400: Using dialect: org.hibernate.dialect.MySQL8Dialect
Hibernate: alter table image drop foreign key FKehbjjsruqumpjyftghvihq383
Hibernate: alter table product drop foreign key FK2m1qo0x01cdk6jmjpm3r6baxr
Hibernate: drop table if exists image
Hibernate: drop table if exists product
Hibernate: drop table if exists user
Hibernate: create table image (image_idx bigint not null auto_increment, url varchar(255), product bigint, primary key (image_idx)) engine=InnoDB
Hibernate: create table product (product_idx bigint not null auto_increment, created_at datetime(6), modified_at datetime(6), category varchar(255), contents varchar(255), price integer not null, region varchar(255), status varchar(255), title varchar(255), user bigint, primary key (product_idx)) engine=InnoDB
Hibernate: create table user (user_idx bigint not null auto_increment, created_at datetime(6), modified_at datetime(6), code varchar(255) not null, email varchar(255) not null, img varchar(255), manner_temp double precision not null, nickname varchar(255) not null, phone varchar(255) not null, status varchar(255) not null, primary key (user_idx)) engine=InnoDB
Hibernate: alter table image add constraint FKehbjjsruqumpjyftghvihq383 foreign key (product) references product (product_idx)
Hibernate: alter table product add constraint FK2m1qo0x01cdk6jmjpm3r6baxr foreign key (user) references user (user_idx)
2022-10-26 04:54:44.505  INFO 19904 --- [    Test worker] o.h.e.t.j.p.i.JtaPlatformInitiator       : HHH000490: Using JtaPlatform implementation: [org.hibernate.engine.transaction.jta.platform.internal.NoJtaPlatform]
2022-10-26 04:54:44.518  INFO 19904 --- [    Test worker] j.LocalContainerEntityManagerFactoryBean : Initialized JPA EntityManagerFactory for persistence unit 'default'
2022-10-26 04:54:46.227  WARN 19904 --- [    Test worker] JpaBaseConfiguration$JpaWebConfiguration : spring.jpa.open-in-view is enabled by default. Therefore, database queries may be performed during view rendering. Explicitly configure spring.jpa.open-in-view to disable this warning
2022-10-26 04:54:47.529  INFO 19904 --- [    Test worker] com.clone.carrot.CarrotApplicationTests  : Started CarrotApplicationTests in 9.181 seconds (JVM running for 10.92)
]]></system-out>
  <system-err><![CDATA[]]></system-err>
</testsuite>
