<?xml version="1.0" encoding="UTF-8"?>
<testsuite name="com.clone.carrot.CarrotApplicationTests" tests="1" skipped="0" failures="0" errors="0" timestamp="2022-10-26T15:21:35" hostname="hweyoungui-MacBookAir.local" time="0.136">
  <properties/>
  <testcase name="contextLoads()" classname="com.clone.carrot.CarrotApplicationTests" time="0.136"/>
  <system-out><![CDATA[00:21:27.438 [Test worker] DEBUG org.springframework.test.context.BootstrapUtils - Instantiating CacheAwareContextLoaderDelegate from class [org.springframework.test.context.cache.DefaultCacheAwareContextLoaderDelegate]
00:21:27.455 [Test worker] DEBUG org.springframework.test.context.BootstrapUtils - Instantiating BootstrapContext using constructor [public org.springframework.test.context.support.DefaultBootstrapContext(java.lang.Class,org.springframework.test.context.CacheAwareContextLoaderDelegate)]
00:21:27.501 [Test worker] DEBUG org.springframework.test.context.BootstrapUtils - Instantiating TestContextBootstrapper for test class [com.clone.carrot.CarrotApplicationTests] from class [org.springframework.boot.test.context.SpringBootTestContextBootstrapper]
00:21:27.515 [Test worker] INFO org.springframework.boot.test.context.SpringBootTestContextBootstrapper - Neither @ContextConfiguration nor @ContextHierarchy found for test class [com.clone.carrot.CarrotApplicationTests], using SpringBootContextLoader
00:21:27.519 [Test worker] DEBUG org.springframework.test.context.support.AbstractContextLoader - Did not detect default resource location for test class [com.clone.carrot.CarrotApplicationTests]: class path resource [com/clone/carrot/CarrotApplicationTests-context.xml] does not exist
00:21:27.520 [Test worker] DEBUG org.springframework.test.context.support.AbstractContextLoader - Did not detect default resource location for test class [com.clone.carrot.CarrotApplicationTests]: class path resource [com/clone/carrot/CarrotApplicationTestsContext.groovy] does not exist
00:21:27.520 [Test worker] INFO org.springframework.test.context.support.AbstractContextLoader - Could not detect default resource locations for test class [com.clone.carrot.CarrotApplicationTests]: no resource found for suffixes {-context.xml, Context.groovy}.
00:21:27.521 [Test worker] INFO org.springframework.test.context.support.AnnotationConfigContextLoaderUtils - Could not detect default configuration classes for test class [com.clone.carrot.CarrotApplicationTests]: CarrotApplicationTests does not declare any static, non-private, non-final, nested classes annotated with @Configuration.
00:21:27.581 [Test worker] DEBUG org.springframework.test.context.support.ActiveProfilesUtils - Could not find an 'annotation declaring class' for annotation type [org.springframework.test.context.ActiveProfiles] and class [com.clone.carrot.CarrotApplicationTests]
00:21:27.665 [Test worker] DEBUG org.springframework.context.annotation.ClassPathScanningCandidateComponentProvider - Identified candidate component class: file [/Users/hweyoung/Desktop/UMC/라이징캠프/carrot/carrotMarketCloneCoding/build/classes/java/main/com/clone/carrot/CarrotApplication.class]
00:21:27.667 [Test worker] INFO org.springframework.boot.test.context.SpringBootTestContextBootstrapper - Found @SpringBootConfiguration com.clone.carrot.CarrotApplication for test class com.clone.carrot.CarrotApplicationTests
00:21:27.777 [Test worker] DEBUG org.springframework.boot.test.context.SpringBootTestContextBootstrapper - @TestExecutionListeners is not present for class [com.clone.carrot.CarrotApplicationTests]: using defaults.
00:21:27.778 [Test worker] INFO org.springframework.boot.test.context.SpringBootTestContextBootstrapper - Loaded default TestExecutionListener class names from location [META-INF/spring.factories]: [org.springframework.boot.test.autoconfigure.restdocs.RestDocsTestExecutionListener, org.springframework.boot.test.autoconfigure.web.client.MockRestServiceServerResetTestExecutionListener, org.springframework.boot.test.autoconfigure.web.servlet.MockMvcPrintOnlyOnFailureTestExecutionListener, org.springframework.boot.test.autoconfigure.web.servlet.WebDriverTestExecutionListener, org.springframework.boot.test.autoconfigure.webservices.client.MockWebServiceServerTestExecutionListener, org.springframework.boot.test.mock.mockito.MockitoTestExecutionListener, org.springframework.boot.test.mock.mockito.ResetMocksTestExecutionListener, org.springframework.test.context.web.ServletTestExecutionListener, org.springframework.test.context.support.DirtiesContextBeforeModesTestExecutionListener, org.springframework.test.context.event.ApplicationEventsTestExecutionListener, org.springframework.test.context.support.DependencyInjectionTestExecutionListener, org.springframework.test.context.support.DirtiesContextTestExecutionListener, org.springframework.test.context.transaction.TransactionalTestExecutionListener, org.springframework.test.context.jdbc.SqlScriptsTestExecutionListener, org.springframework.test.context.event.EventPublishingTestExecutionListener]
00:21:27.840 [Test worker] INFO org.springframework.boot.test.context.SpringBootTestContextBootstrapper - Using TestExecutionListeners: [org.springframework.test.context.web.ServletTestExecutionListener@1deb2c43, org.springframework.test.context.support.DirtiesContextBeforeModesTestExecutionListener@3bb9efbc, org.springframework.test.context.event.ApplicationEventsTestExecutionListener@1cefc4b3, org.springframework.boot.test.mock.mockito.MockitoTestExecutionListener@2b27cc70, org.springframework.boot.test.autoconfigure.SpringBootDependencyInjectionTestExecutionListener@6f6a7463, org.springframework.test.context.support.DirtiesContextTestExecutionListener@1bdaa23d, org.springframework.test.context.transaction.TransactionalTestExecutionListener@79f227a9, org.springframework.test.context.jdbc.SqlScriptsTestExecutionListener@6ca320ab, org.springframework.test.context.event.EventPublishingTestExecutionListener@50d68830, org.springframework.boot.test.autoconfigure.restdocs.RestDocsTestExecutionListener@1e53135d, org.springframework.boot.test.autoconfigure.web.client.MockRestServiceServerResetTestExecutionListener@7674a051, org.springframework.boot.test.autoconfigure.web.servlet.MockMvcPrintOnlyOnFailureTestExecutionListener@3a7704c, org.springframework.boot.test.autoconfigure.web.servlet.WebDriverTestExecutionListener@6754ef00, org.springframework.boot.test.autoconfigure.webservices.client.MockWebServiceServerTestExecutionListener@619bd14c, org.springframework.boot.test.mock.mockito.ResetMocksTestExecutionListener@323e8306]
00:21:27.846 [Test worker] DEBUG org.springframework.test.context.support.AbstractDirtiesContextTestExecutionListener - Before test class: context [DefaultTestContext@3e792ce3 testClass = CarrotApplicationTests, testInstance = [null], testMethod = [null], testException = [null], mergedContextConfiguration = [WebMergedContextConfiguration@53bc1328 testClass = CarrotApplicationTests, locations = '{}', classes = '{class com.clone.carrot.CarrotApplication}', contextInitializerClasses = '[]', activeProfiles = '{}', propertySourceLocations = '{}', propertySourceProperties = '{org.springframework.boot.test.context.SpringBootTestContextBootstrapper=true}', contextCustomizers = set[org.springframework.boot.test.autoconfigure.actuate.metrics.MetricsExportContextCustomizerFactory$DisableMetricExportContextCustomizer@1f2f9244, org.springframework.boot.test.autoconfigure.properties.PropertyMappingContextCustomizer@0, org.springframework.boot.test.autoconfigure.web.servlet.WebDriverContextCustomizerFactory$Customizer@3fffff43, org.springframework.boot.test.context.filter.ExcludeFilterContextCustomizer@2e11485, org.springframework.boot.test.json.DuplicateJsonObjectContextCustomizerFactory$DuplicateJsonObjectContextCustomizer@27305e6, org.springframework.boot.test.mock.mockito.MockitoContextCustomizer@0, org.springframework.boot.test.web.client.TestRestTemplateContextCustomizer@51cd7ffc, org.springframework.boot.test.context.SpringBootTestArgs@1, org.springframework.boot.test.context.SpringBootTestWebEnvironment@cd1e646], resourceBasePath = 'src/main/webapp', contextLoader = 'org.springframework.boot.test.context.SpringBootContextLoader', parent = [null]], attributes = map['org.springframework.test.context.web.ServletTestExecutionListener.activateListener' -> true]], class annotated with @DirtiesContext [false] with mode [null].

  .   ____          _            __ _ _
 /\\ / ___'_ __ _ _(_)_ __  __ _ \ \ \ \
( ( )\___ | '_ | '_| | '_ \/ _` | \ \ \ \
 \\/  ___)| |_)| | | | | || (_| |  ) ) ) )
  '  |____| .__|_| |_|_| |_\__, | / / / /
 =========|_|==============|___/=/_/_/_/
 :: Spring Boot ::                (v2.7.5)

2022-10-27 00:21:28.435  INFO 4204 --- [    Test worker] com.clone.carrot.CarrotApplicationTests  : Starting CarrotApplicationTests using Java 11.0.12 on hweyoungui-MacBookAir.local with PID 4204 (started by hweyoung in /Users/hweyoung/Desktop/UMC/라이징캠프/carrot/carrotMarketCloneCoding)
2022-10-27 00:21:28.437  INFO 4204 --- [    Test worker] com.clone.carrot.CarrotApplicationTests  : No active profile set, falling back to 1 default profile: "default"
2022-10-27 00:21:29.649  INFO 4204 --- [    Test worker] .s.d.r.c.RepositoryConfigurationDelegate : Bootstrapping Spring Data JPA repositories in DEFAULT mode.
2022-10-27 00:21:29.824  INFO 4204 --- [    Test worker] .s.d.r.c.RepositoryConfigurationDelegate : Finished Spring Data repository scanning in 168 ms. Found 2 JPA repository interfaces.
2022-10-27 00:21:30.839  INFO 4204 --- [    Test worker] o.hibernate.jpa.internal.util.LogHelper  : HHH000204: Processing PersistenceUnitInfo [name: default]
2022-10-27 00:21:30.890  INFO 4204 --- [    Test worker] org.hibernate.Version                    : HHH000412: Hibernate ORM core version 5.6.12.Final
2022-10-27 00:21:31.085  INFO 4204 --- [    Test worker] o.hibernate.annotations.common.Version   : HCANN000001: Hibernate Commons Annotations {5.1.2.Final}
2022-10-27 00:21:31.189  INFO 4204 --- [    Test worker] com.zaxxer.hikari.HikariDataSource       : HikariPool-1 - Starting...
2022-10-27 00:21:31.831  INFO 4204 --- [    Test worker] com.zaxxer.hikari.HikariDataSource       : HikariPool-1 - Start completed.
2022-10-27 00:21:31.860  INFO 4204 --- [    Test worker] org.hibernate.dialect.Dialect            : HHH000400: Using dialect: org.hibernate.dialect.MySQL8Dialect
2022-10-27 00:21:33.159  INFO 4204 --- [    Test worker] o.h.e.t.j.p.i.JtaPlatformInitiator       : HHH000490: Using JtaPlatform implementation: [org.hibernate.engine.transaction.jta.platform.internal.NoJtaPlatform]
2022-10-27 00:21:33.170  INFO 4204 --- [    Test worker] j.LocalContainerEntityManagerFactoryBean : Initialized JPA EntityManagerFactory for persistence unit 'default'
2022-10-27 00:21:34.312  WARN 4204 --- [    Test worker] JpaBaseConfiguration$JpaWebConfiguration : spring.jpa.open-in-view is enabled by default. Therefore, database queries may be performed during view rendering. Explicitly configure spring.jpa.open-in-view to disable this warning
2022-10-27 00:21:35.301  INFO 4204 --- [    Test worker] com.clone.carrot.CarrotApplicationTests  : Started CarrotApplicationTests in 7.397 seconds (JVM running for 9.161)
]]></system-out>
  <system-err><![CDATA[]]></system-err>
</testsuite>
